<?xml version="1.0" encoding="UTF-8"?>
<!-- Generated by org.testng.reporters.JUnitReportReporter -->
<testsuite hostname="DESKTOP-VHJ66FJ" failures="0" tests="4" name="com.example.Cucumber_TestNG_Practice.CucumberRunnerTests" time="51.964" errors="0" timestamp="2023-12-26T19:02:55 IST" skipped="0">
  <testcase classname="com.example.Cucumber_TestNG_Practice.CucumberRunnerTests" name="runScenario" time="11.158"/>
  <testcase classname="com.example.Cucumber_TestNG_Practice.CucumberRunnerTests" name="runScenario" time="10.798"/>
  <testcase classname="com.example.Cucumber_TestNG_Practice.CucumberRunnerTests" name="runScenario" time="10.171"/>
  <testcase classname="com.example.Cucumber_TestNG_Practice.CucumberRunnerTests" name="runScenario" time="19.837"/>
</testsuite> <!-- com.example.Cucumber_TestNG_Practice.CucumberRunnerTests -->
