<?xml version="1.0" encoding="UTF-8"?>
<!-- Generated by org.testng.reporters.JUnitReportReporter -->
<testsuite hostname="DESKTOP-VHJ66FJ" failures="0" tests="4" name="com.example.Cucumber_TestNG_Practice.runner.CucumberRunnerTest" time="73.940" errors="0" timestamp="1 Jan 2024 10:41:50 GMT">
  <testcase classname="com.example.Cucumber_TestNG_Practice.runner.CucumberRunnerTest" name="runScenario" time="18.029"/>
  <testcase classname="com.example.Cucumber_TestNG_Practice.runner.CucumberRunnerTest" name="runScenario" time="19.320"/>
  <testcase classname="com.example.Cucumber_TestNG_Practice.runner.CucumberRunnerTest" name="runScenario" time="17.891"/>
  <testcase classname="com.example.Cucumber_TestNG_Practice.runner.CucumberRunnerTest" name="runScenario" time="18.700"/>
</testsuite> <!-- com.example.Cucumber_TestNG_Practice.runner.CucumberRunnerTest -->
